<?xml version="1.0" encoding="UTF-8"?>
<testsuite name="MainTest" tests="3" skipped="0" failures="0" errors="0" timestamp="2024-10-20T09:12:23" hostname="LOLAGAMES155" time="0.022">
  <properties/>
  <testcase name="testArea()" classname="MainTest" time="0.016"/>
  <testcase name="testIsTriangle()" classname="MainTest" time="0.001"/>
  <testcase name="testPerimetro()" classname="MainTest" time="0.002"/>
  <system-out><![CDATA[]]></system-out>
  <system-err><![CDATA[]]></system-err>
</testsuite>
